<?xml version="1.0" encoding="UTF-8"?>
<!-- Generated by org.testng.reporters.JUnitReportReporter -->
<testsuite skipped="0" hostname="Sesha-Laptop" name="pom.testcases.TC001" tests="1" failures="0" timestamp="02 May 2020 13:17:58 GMT" time="39.713" errors="0">
  <testcase name="irctcRegPage" time="39.713" classname="pom.testcases.TC001"/>
</testsuite> <!-- pom.testcases.TC001 -->
