<?xml version="1.0" encoding="UTF-8"?>
<!-- Generated by org.testng.reporters.JUnitReportReporter -->
<testsuite skipped="0" hostname="Sesha-Laptop" name="pom.testcases.TC01" tests="1" failures="0" timestamp="01 May 2020 23:47:18 GMT" time="13.950" errors="0">
  <testcase name="irctcRegPage" time="13.950" classname="pom.testcases.TC01"/>
</testsuite> <!-- pom.testcases.TC01 -->
