<?xml version="1.0" encoding="UTF-8"?>
<!-- Generated by org.testng.reporters.JUnitReportReporter -->
<testsuite skipped="0" hostname="Sesha-Laptop" name="utils.Sample_Report" tests="1" failures="0" timestamp="25 Apr 2020 13:43:06 GMT" time="0.296" errors="0">
  <testcase name="report" time="0.296" classname="utils.Sample_Report"/>
</testsuite> <!-- utils.Sample_Report -->
